[debug] [2021-07-10T12:56:13.979Z] ----------------------------------------------------------------------
[debug] [2021-07-10T12:56:13.982Z] Command:       /home/chandrakumar/.nvm/versions/node/v12.13.1/bin/node /usr/local/bin/firebase emulators:start
[debug] [2021-07-10T12:56:13.982Z] CLI Version:   9.8.0
[debug] [2021-07-10T12:56:13.983Z] Platform:      linux
[debug] [2021-07-10T12:56:13.983Z] Node Version:  v12.13.1
[debug] [2021-07-10T12:56:13.983Z] Time:          Sat Jul 10 2021 18:26:13 GMT+0530 (India Standard Time)
[debug] [2021-07-10T12:56:13.983Z] ----------------------------------------------------------------------
[debug] 
[debug] [2021-07-10T12:56:14.025Z] > command requires scopes: ["email","openid","https://www.googleapis.com/auth/cloudplatformprojects.readonly","https://www.googleapis.com/auth/firebase","https://www.googleapis.com/auth/cloud-platform"]
[debug] [2021-07-10T12:56:14.026Z] > authorizing via signed-in user
[info] i  emulators: Starting emulators: auth, functions, firestore, hosting {"metadata":{"emulator":{"name":"hub"},"message":"Starting emulators: auth, functions, firestore, hosting"}}
[debug] [2021-07-10T12:56:14.048Z] [hub] writing locator at /tmp/hub-staging-prodigie.json
[warn] ⚠  functions: The following emulators are not running, calls to these services from the Functions emulator will affect production: database, pubsub {"metadata":{"emulator":{"name":"functions"},"message":"The following emulators are not running, calls to these services from the Functions emulator will affect production: \u001b[1mdatabase, pubsub\u001b[22m"}}
[info] ✔  functions: Using node@12 from host. {"metadata":{"emulator":{"name":"functions"},"message":"Using node@12 from host."}}
[debug] [2021-07-10T12:56:14.117Z] defaultcredentials: writing to file /home/chandrakumar/.config/firebase/chandru_ck58_gmail.com_application_default_credentials.json
[debug] [2021-07-10T12:56:14.149Z] Setting GAC to /home/chandrakumar/.config/firebase/chandru_ck58_gmail.com_application_default_credentials.json {"metadata":{"emulator":{"name":"functions"},"message":"Setting GAC to /home/chandrakumar/.config/firebase/chandru_ck58_gmail.com_application_default_credentials.json"}}
[debug] [2021-07-10T12:56:14.153Z] > refreshing access token with scopes: []
[debug] [2021-07-10T12:56:14.154Z] >>> HTTP REQUEST POST https://www.googleapis.com/oauth2/v3/token  
 <request body omitted>
[debug] [2021-07-10T12:56:14.511Z] <<< HTTP RESPONSE 200 {"date":"Sat, 10 Jul 2021 12:56:14 GMT","pragma":"no-cache","expires":"Mon, 01 Jan 1990 00:00:00 GMT","cache-control":"no-cache, no-store, max-age=0, must-revalidate","content-type":"application/json; charset=utf-8","vary":"X-Origin, Referer, Origin,Accept-Encoding","server":"scaffolding on HTTPServer2","x-xss-protection":"0","x-frame-options":"SAMEORIGIN","x-content-type-options":"nosniff","alt-svc":"h3=\":443\"; ma=2592000,h3-29=\":443\"; ma=2592000,h3-T051=\":443\"; ma=2592000,h3-Q050=\":443\"; ma=2592000,h3-Q046=\":443\"; ma=2592000,h3-Q043=\":443\"; ma=2592000,quic=\":443\"; ma=2592000; v=\"46,43\"","accept-ranges":"none","transfer-encoding":"chunked"}
[debug] [2021-07-10T12:56:14.559Z] >>> [apiv2][query] GET https://firebase.googleapis.com/v1beta1/projects/staging-prodigie/adminSdkConfig [none]
[debug] [2021-07-10T12:56:15.534Z] <<< [apiv2][status] GET https://firebase.googleapis.com/v1beta1/projects/staging-prodigie/adminSdkConfig 200
[debug] [2021-07-10T12:56:15.535Z] <<< [apiv2][body] GET https://firebase.googleapis.com/v1beta1/projects/staging-prodigie/adminSdkConfig {"projectId":"staging-prodigie","databaseURL":"https://staging-prodigie.firebaseio.com","storageBucket":"staging-prodigie.appspot.com","locationId":"asia-south1"}
[debug] [2021-07-10T12:56:15.710Z] Ignoring unsupported arg: projectId {"metadata":{"emulator":{"name":"firestore"},"message":"Ignoring unsupported arg: projectId"}}
[debug] [2021-07-10T12:56:15.710Z] Ignoring unsupported arg: auto_download {"metadata":{"emulator":{"name":"firestore"},"message":"Ignoring unsupported arg: auto_download"}}
[debug] [2021-07-10T12:56:15.710Z] Starting Firestore Emulator with command {"binary":"java","args":["-Dgoogle.cloud_firestore.debug_log_level=FINE","-Duser.language=en","-jar","/home/chandrakumar/.cache/firebase/emulators/cloud-firestore-emulator-v1.11.12.jar","--host","localhost","--port",8080,"--rules","/home/chandrakumar/Desktop/projects/guru/firestore.rules","--functions_emulator","localhost:5001"],"optionalArgs":["port","webchannel_port","host","rules","functions_emulator","seed_from_export"],"joinArgs":false} {"metadata":{"emulator":{"name":"firestore"},"message":"Starting Firestore Emulator with command {\"binary\":\"java\",\"args\":[\"-Dgoogle.cloud_firestore.debug_log_level=FINE\",\"-Duser.language=en\",\"-jar\",\"/home/chandrakumar/.cache/firebase/emulators/cloud-firestore-emulator-v1.11.12.jar\",\"--host\",\"localhost\",\"--port\",8080,\"--rules\",\"/home/chandrakumar/Desktop/projects/guru/firestore.rules\",\"--functions_emulator\",\"localhost:5001\"],\"optionalArgs\":[\"port\",\"webchannel_port\",\"host\",\"rules\",\"functions_emulator\",\"seed_from_export\"],\"joinArgs\":false}"}}
[info] i  firestore: Firestore Emulator logging to firestore-debug.log {"metadata":{"emulator":{"name":"firestore"},"message":"Firestore Emulator logging to \u001b[1mfirestore-debug.log\u001b[22m"}}
[debug] [2021-07-10T12:56:20.217Z] API endpoint: http:// {"metadata":{"emulator":{"name":"firestore"},"message":"API endpoint: http://"}}
[debug] [2021-07-10T12:56:20.218Z] localhost:8080
If you are using a library that supports the FIRESTORE_EMULATOR_HOST environment variable, run:

   export FIRESTORE_EMULATOR_HOST=localhost:8080

Dev App Server is now running.

 {"metadata":{"emulator":{"name":"firestore"},"message":"localhost:8080\nIf you are using a library that supports the FIRESTORE_EMULATOR_HOST environment variable, run:\n\n   export FIRESTORE_EMULATOR_HOST=localhost:8080\n\nDev App Server is now running.\n\n"}}
[debug] [2021-07-10T12:56:22.563Z] >>> [apiv2][query] GET https://firebase.googleapis.com/v1beta1/projects/staging-prodigie/webApps/-/config [none]
[debug] [2021-07-10T12:56:24.128Z] <<< [apiv2][status] GET https://firebase.googleapis.com/v1beta1/projects/staging-prodigie/webApps/-/config 200
[debug] [2021-07-10T12:56:24.128Z] <<< [apiv2][body] GET https://firebase.googleapis.com/v1beta1/projects/staging-prodigie/webApps/-/config {"projectId":"staging-prodigie","appId":"1:478218619325:web:b3fa068c42450849","databaseURL":"https://staging-prodigie.firebaseio.com","storageBucket":"staging-prodigie.appspot.com","locationId":"asia-south1","apiKey":"AIzaSyA8ppkrYQVZ0VL9u2jpnjarDk3-C9tWqVY","authDomain":"staging-prodigie.firebaseapp.com","messagingSenderId":"478218619325"}
[info] i  hosting: Serving hosting files from: build {"metadata":{"emulator":{"name":"hosting"},"message":"Serving hosting files from: \u001b[1mbuild\u001b[22m"}}
[info] ✔  hosting: Local server: http://localhost:5000 {"metadata":{"emulator":{"name":"hosting"},"message":"Local server: \u001b[4m\u001b[1mhttp://localhost:5000\u001b[22m\u001b[24m"}}
[debug] [2021-07-10T12:56:24.335Z] Ignoring unsupported arg: auto_download {"metadata":{"emulator":{"name":"ui"},"message":"Ignoring unsupported arg: auto_download"}}
[debug] [2021-07-10T12:56:24.335Z] Ignoring unsupported arg: port {"metadata":{"emulator":{"name":"ui"},"message":"Ignoring unsupported arg: port"}}
[debug] [2021-07-10T12:56:24.335Z] Starting Emulator UI with command {"binary":"node","args":["/home/chandrakumar/.cache/firebase/emulators/ui-v1.4.2/server.bundle.js"],"optionalArgs":[],"joinArgs":false} {"metadata":{"emulator":{"name":"ui"},"message":"Starting Emulator UI with command {\"binary\":\"node\",\"args\":[\"/home/chandrakumar/.cache/firebase/emulators/ui-v1.4.2/server.bundle.js\"],\"optionalArgs\":[],\"joinArgs\":false}"}}
[info] i  ui: Emulator UI logging to ui-debug.log {"metadata":{"emulator":{"name":"ui"},"message":"Emulator UI logging to \u001b[1mui-debug.log\u001b[22m"}}
[debug] [2021-07-10T12:56:24.437Z] Web / API server started at http://localhost:4000
 {"metadata":{"emulator":{"name":"ui"},"message":"Web / API server started at http://localhost:4000\n"}}
[info] i  functions: Watching "/home/chandrakumar/Desktop/projects/guru/functions" for Cloud Functions... {"metadata":{"emulator":{"name":"functions"},"message":"Watching \"/home/chandrakumar/Desktop/projects/guru/functions\" for Cloud Functions..."}}
[debug] [2021-07-10T12:56:24.613Z] [worker-pool] addWorker(~diagnostic~) {"metadata":{"emulator":{"name":"functions"},"message":"[worker-pool] addWorker(~diagnostic~)"}}
[debug] [2021-07-10T12:56:24.613Z] [worker-pool] Adding worker with key ~diagnostic~, total=1 {"metadata":{"emulator":{"name":"functions"},"message":"[worker-pool] Adding worker with key ~diagnostic~, total=1"}}
[debug] [2021-07-10T12:56:24.613Z] [worker-pool] submitWork(triggerId=) {"metadata":{"emulator":{"name":"functions"},"message":"[worker-pool] submitWork(triggerId=)"}}
[debug] [2021-07-10T12:56:24.614Z] [worker-~diagnostic~-68689530-88df-46b6-8531-81be75e71665]: Assigning socketPath: /tmp/fire_emu_31459.sock {"metadata":{"emulator":{"name":"functions"},"message":"[worker-~diagnostic~-68689530-88df-46b6-8531-81be75e71665]: Assigning socketPath: /tmp/fire_emu_31459.sock"}}
[debug] [2021-07-10T12:56:24.614Z] [worker-~diagnostic~-68689530-88df-46b6-8531-81be75e71665]: BUSY {"metadata":{"emulator":{"name":"functions"},"message":"[worker-~diagnostic~-68689530-88df-46b6-8531-81be75e71665]: BUSY"}}
[debug] [2021-07-10T12:56:24.746Z] [runtime-status] [31459] Functions runtime initialized. {"cwd":"/home/chandrakumar/Desktop/projects/guru/functions","node_version":"12.13.1"} {"metadata":{"emulator":{"name":"functions"},"message":"[runtime-status] [31459] Functions runtime initialized. {\"cwd\":\"/home/chandrakumar/Desktop/projects/guru/functions\",\"node_version\":\"12.13.1\"}"}}
[debug] [2021-07-10T12:56:24.747Z] [runtime-status] [31459] Disabled runtime features: undefined {"metadata":{"emulator":{"name":"functions"},"message":"[runtime-status] [31459] Disabled runtime features: undefined"}}
[debug] [2021-07-10T12:56:24.760Z] [runtime-status] [31459] Resolved module firebase-admin {"declared":true,"installed":true,"version":"9.10.0","resolution":"/home/chandrakumar/Desktop/projects/guru/functions/node_modules/firebase-admin/lib/index.js"} {"metadata":{"emulator":{"name":"functions"},"message":"[runtime-status] [31459] Resolved module firebase-admin {\"declared\":true,\"installed\":true,\"version\":\"9.10.0\",\"resolution\":\"/home/chandrakumar/Desktop/projects/guru/functions/node_modules/firebase-admin/lib/index.js\"}"}}
[debug] [2021-07-10T12:56:24.778Z] [runtime-status] [31459] Resolved module firebase-functions {"declared":true,"installed":true,"version":"3.14.1","resolution":"/home/chandrakumar/Desktop/projects/guru/functions/node_modules/firebase-functions/lib/index.js"} {"metadata":{"emulator":{"name":"functions"},"message":"[runtime-status] [31459] Resolved module firebase-functions {\"declared\":true,\"installed\":true,\"version\":\"3.14.1\",\"resolution\":\"/home/chandrakumar/Desktop/projects/guru/functions/node_modules/firebase-functions/lib/index.js\"}"}}
[debug] [2021-07-10T12:56:24.780Z] [runtime-status] [31459] Resolved module firebase-functions {"declared":true,"installed":true,"version":"3.14.1","resolution":"/home/chandrakumar/Desktop/projects/guru/functions/node_modules/firebase-functions/lib/index.js"} {"metadata":{"emulator":{"name":"functions"},"message":"[runtime-status] [31459] Resolved module firebase-functions {\"declared\":true,\"installed\":true,\"version\":\"3.14.1\",\"resolution\":\"/home/chandrakumar/Desktop/projects/guru/functions/node_modules/firebase-functions/lib/index.js\"}"}}
[debug] [2021-07-10T12:56:24.783Z] [runtime-status] [31459] Outgoing network have been stubbed. [{"name":"http","status":"mocked"},{"name":"http","status":"mocked"},{"name":"https","status":"mocked"},{"name":"https","status":"mocked"},{"name":"net","status":"mocked"}] {"metadata":{"emulator":{"name":"functions"},"message":"[runtime-status] [31459] Outgoing network have been stubbed. [{\"name\":\"http\",\"status\":\"mocked\"},{\"name\":\"http\",\"status\":\"mocked\"},{\"name\":\"https\",\"status\":\"mocked\"},{\"name\":\"https\",\"status\":\"mocked\"},{\"name\":\"net\",\"status\":\"mocked\"}]"}}
[debug] [2021-07-10T12:56:24.784Z] [runtime-status] [31459] Resolved module firebase-functions {"declared":true,"installed":true,"version":"3.14.1","resolution":"/home/chandrakumar/Desktop/projects/guru/functions/node_modules/firebase-functions/lib/index.js"} {"metadata":{"emulator":{"name":"functions"},"message":"[runtime-status] [31459] Resolved module firebase-functions {\"declared\":true,\"installed\":true,\"version\":\"3.14.1\",\"resolution\":\"/home/chandrakumar/Desktop/projects/guru/functions/node_modules/firebase-functions/lib/index.js\"}"}}
[debug] [2021-07-10T12:56:25.093Z] [runtime-status] [31459] Checked functions.config() {"config":{}} {"metadata":{"emulator":{"name":"functions"},"message":"[runtime-status] [31459] Checked functions.config() {\"config\":{}}"}}
[debug] [2021-07-10T12:56:25.094Z] [runtime-status] [31459] firebase-functions has been stubbed. {"functionsResolution":{"declared":true,"installed":true,"version":"3.14.1","resolution":"/home/chandrakumar/Desktop/projects/guru/functions/node_modules/firebase-functions/lib/index.js"}} {"metadata":{"emulator":{"name":"functions"},"message":"[runtime-status] [31459] firebase-functions has been stubbed. {\"functionsResolution\":{\"declared\":true,\"installed\":true,\"version\":\"3.14.1\",\"resolution\":\"/home/chandrakumar/Desktop/projects/guru/functions/node_modules/firebase-functions/lib/index.js\"}}"}}
[debug] [2021-07-10T12:56:25.095Z] [runtime-status] [31459] Resolved module firebase-functions {"declared":true,"installed":true,"version":"3.14.1","resolution":"/home/chandrakumar/Desktop/projects/guru/functions/node_modules/firebase-functions/lib/index.js"} {"metadata":{"emulator":{"name":"functions"},"message":"[runtime-status] [31459] Resolved module firebase-functions {\"declared\":true,\"installed\":true,\"version\":\"3.14.1\",\"resolution\":\"/home/chandrakumar/Desktop/projects/guru/functions/node_modules/firebase-functions/lib/index.js\"}"}}
[debug] [2021-07-10T12:56:25.096Z] [runtime-status] [31459] Resolved module firebase-admin {"declared":true,"installed":true,"version":"9.10.0","resolution":"/home/chandrakumar/Desktop/projects/guru/functions/node_modules/firebase-admin/lib/index.js"} {"metadata":{"emulator":{"name":"functions"},"message":"[runtime-status] [31459] Resolved module firebase-admin {\"declared\":true,\"installed\":true,\"version\":\"9.10.0\",\"resolution\":\"/home/chandrakumar/Desktop/projects/guru/functions/node_modules/firebase-admin/lib/index.js\"}"}}
[debug] [2021-07-10T12:56:25.096Z] [runtime-status] [31459] Resolved module firebase-functions {"declared":true,"installed":true,"version":"3.14.1","resolution":"/home/chandrakumar/Desktop/projects/guru/functions/node_modules/firebase-functions/lib/index.js"} {"metadata":{"emulator":{"name":"functions"},"message":"[runtime-status] [31459] Resolved module firebase-functions {\"declared\":true,\"installed\":true,\"version\":\"3.14.1\",\"resolution\":\"/home/chandrakumar/Desktop/projects/guru/functions/node_modules/firebase-functions/lib/index.js\"}"}}
[debug] [2021-07-10T12:56:25.097Z] [runtime-status] [31459] firebase-admin has been stubbed. {"adminResolution":{"declared":true,"installed":true,"version":"9.10.0","resolution":"/home/chandrakumar/Desktop/projects/guru/functions/node_modules/firebase-admin/lib/index.js"}} {"metadata":{"emulator":{"name":"functions"},"message":"[runtime-status] [31459] firebase-admin has been stubbed. {\"adminResolution\":{\"declared\":true,\"installed\":true,\"version\":\"9.10.0\",\"resolution\":\"/home/chandrakumar/Desktop/projects/guru/functions/node_modules/firebase-admin/lib/index.js\"}}"}}
[debug] [2021-07-10T12:56:25.105Z] [runtime-status] [31459] initializeApp(DEFAULT) {"credential":{"implicit":true,"refreshToken":{"clientId":"563584335869-fgrhgmd47bqnekij5i8b5pr03ho849e6.apps.googleusercontent.com","clientSecret":"j9iVZfS8kkCEFUPaAeJV0sAi","refreshToken":"1//0gkgO6S8Q0GI7CgYIARAAGBASNwF-L9Irz3R7MwcBSy-5IVPeidQz5dCSh0kc9KDrCl_Yh4l5MIaUT_FVwaHenVIZLSkw5ia0IMY","type":"authorized_user"},"httpClient":{"retry":{"maxRetries":4,"statusCodes":[503],"ioErrorCodes":["ECONNRESET","ETIMEDOUT"],"backOffFactor":0.5,"maxDelayInMillis":60000}}},"apiKey":"AIzaSyA8ppkrYQVZ0VL9u2jpnjarDk3-C9tWqVY","authDomain":"staging-prodigie.firebaseapp.com","databaseURL":"https://staging-prodigie.firebaseio.com","projectId":"staging-prodigie","storageBucket":"staging-prodigie.appspot.com","messagingSenderId":"478218619325","appId":"1:478218619325:web:b3fa068c42450849"} {"metadata":{"emulator":{"name":"functions"},"message":"[runtime-status] [31459] initializeApp(DEFAULT) {\"credential\":{\"implicit\":true,\"refreshToken\":{\"clientId\":\"563584335869-fgrhgmd47bqnekij5i8b5pr03ho849e6.apps.googleusercontent.com\",\"clientSecret\":\"j9iVZfS8kkCEFUPaAeJV0sAi\",\"refreshToken\":\"1//0gkgO6S8Q0GI7CgYIARAAGBASNwF-L9Irz3R7MwcBSy-5IVPeidQz5dCSh0kc9KDrCl_Yh4l5MIaUT_FVwaHenVIZLSkw5ia0IMY\",\"type\":\"authorized_user\"},\"httpClient\":{\"retry\":{\"maxRetries\":4,\"statusCodes\":[503],\"ioErrorCodes\":[\"ECONNRESET\",\"ETIMEDOUT\"],\"backOffFactor\":0.5,\"maxDelayInMillis\":60000}}},\"apiKey\":\"AIzaSyA8ppkrYQVZ0VL9u2jpnjarDk3-C9tWqVY\",\"authDomain\":\"staging-prodigie.firebaseapp.com\",\"databaseURL\":\"https://staging-prodigie.firebaseio.com\",\"projectId\":\"staging-prodigie\",\"storageBucket\":\"staging-prodigie.appspot.com\",\"messagingSenderId\":\"478218619325\",\"appId\":\"1:478218619325:web:b3fa068c42450849\"}"}}
[info] ✔  functions[updateRole]: http function initialized (http://localhost:5001/staging-prodigie/us-central1/updateRole). {"metadata":{"emulator":{"name":"functions"},"message":"\u001b[1mhttp\u001b[22m function initialized (http://localhost:5001/staging-prodigie/us-central1/updateRole)."}}
[info] 
┌─────────────────────────────────────────────────────────────┐
│ ✔  All emulators ready! It is now safe to connect your app. │
│ i  View Emulator UI at http://localhost:4000                │
└─────────────────────────────────────────────────────────────┘

┌────────────────┬────────────────┬─────────────────────────────────┐
│ Emulator       │ Host:Port      │ View in Emulator UI             │
├────────────────┼────────────────┼─────────────────────────────────┤
│ Authentication │ localhost:9099 │ http://localhost:4000/auth      │
├────────────────┼────────────────┼─────────────────────────────────┤
│ Functions      │ localhost:5001 │ http://localhost:4000/functions │
├────────────────┼────────────────┼─────────────────────────────────┤
│ Firestore      │ localhost:8080 │ http://localhost:4000/firestore │
├────────────────┼────────────────┼─────────────────────────────────┤
│ Hosting        │ localhost:5000 │ n/a                             │
└────────────────┴────────────────┴─────────────────────────────────┘
  Emulator Hub running at localhost:4400
  Other reserved ports: 4500

Issues? Report them at https://github.com/firebase/firebase-tools/issues and attach the *-debug.log files.
 
[debug] [2021-07-10T12:56:25.132Z] [worker-~diagnostic~-68689530-88df-46b6-8531-81be75e71665]: IDLE {"metadata":{"emulator":{"name":"functions"},"message":"[worker-~diagnostic~-68689530-88df-46b6-8531-81be75e71665]: IDLE"}}
[debug] [2021-07-10T12:56:44.186Z] >>> [apiv2][query] POST http://localhost:5001/functions/projects/staging-prodigie/trigger_multicast [none]
[debug] [2021-07-10T12:56:44.186Z] >>> [apiv2][body] POST http://localhost:5001/functions/projects/staging-prodigie/trigger_multicast {"eventType":"providers/firebase.auth/eventTypes/user.create","data":{"uid":"i8BawRR0dfjgezcgIXYcb1YLm7fK","email":"raccoon.otter.336@example.com","emailVerified":true,"displayName":"Raccoon Otter","metadata":{"creationTime":"1625921804185","lastSignInTime":"1625921804184"},"customClaims":{},"providerData":[{"providerId":"google.com","rawId":"4258033188706307603713098790612146986574","federatedId":"4258033188706307603713098790612146986574","displayName":"Raccoon Otter","email":"raccoon.otter.336@example.com","screenName":"otter_raccoon"}]}}
[debug] [2021-07-10T12:56:44.194Z] <<< [apiv2][status] POST http://localhost:5001/functions/projects/staging-prodigie/trigger_multicast 200
[debug] [2021-07-10T12:56:44.194Z] <<< [apiv2][body] POST http://localhost:5001/functions/projects/staging-prodigie/trigger_multicast {"status":"multicast_acknowledged"}
[debug] [2021-07-10T12:56:58.997Z] [work-queue] {"queueLength":1,"workRunningCount":0}
[debug] [2021-07-10T12:56:58.998Z] [work-queue] {"queueLength":0,"workRunningCount":1}
[debug] [2021-07-10T12:56:58.999Z] Accepted request OPTIONS /staging-prodigie/us-central1/updateRole --> updateRole
[debug] [2021-07-10T12:56:59.005Z] [worker-pool] addWorker(updateRole) {"metadata":{"emulator":{"name":"functions"},"message":"[worker-pool] addWorker(updateRole)"}}
[debug] [2021-07-10T12:56:59.006Z] [worker-pool] Adding worker with key updateRole, total=1 {"metadata":{"emulator":{"name":"functions"},"message":"[worker-pool] Adding worker with key updateRole, total=1"}}
[debug] [2021-07-10T12:56:59.006Z] [worker-pool] submitWork(triggerId=updateRole) {"metadata":{"emulator":{"name":"functions"},"message":"[worker-pool] submitWork(triggerId=updateRole)"}}
[debug] [2021-07-10T12:56:59.006Z] [worker-updateRole-6ac17f0a-b661-46a5-a9ee-0b4b5570efc7]: Assigning socketPath: /tmp/fire_emu_31507.sock {"metadata":{"emulator":{"name":"functions"},"message":"[worker-updateRole-6ac17f0a-b661-46a5-a9ee-0b4b5570efc7]: Assigning socketPath: /tmp/fire_emu_31507.sock"}}
[debug] [2021-07-10T12:56:59.006Z] [worker-updateRole-6ac17f0a-b661-46a5-a9ee-0b4b5570efc7]: BUSY {"metadata":{"emulator":{"name":"functions"},"message":"[worker-updateRole-6ac17f0a-b661-46a5-a9ee-0b4b5570efc7]: BUSY"}}
[debug] [2021-07-10T12:56:59.131Z] [runtime-status] [31507] Functions runtime initialized. {"cwd":"/home/chandrakumar/Desktop/projects/guru/functions","node_version":"12.13.1"} {"metadata":{"emulator":{"name":"functions"},"function":{"name":"updateRole"},"message":"[runtime-status] [31507] Functions runtime initialized. {\"cwd\":\"/home/chandrakumar/Desktop/projects/guru/functions\",\"node_version\":\"12.13.1\"}"}}
[debug] [2021-07-10T12:56:59.132Z] [runtime-status] [31507] Disabled runtime features: undefined {"metadata":{"emulator":{"name":"functions"},"function":{"name":"updateRole"},"message":"[runtime-status] [31507] Disabled runtime features: undefined"}}
[debug] [2021-07-10T12:56:59.134Z] [runtime-status] [31507] Resolved module firebase-admin {"declared":true,"installed":true,"version":"9.10.0","resolution":"/home/chandrakumar/Desktop/projects/guru/functions/node_modules/firebase-admin/lib/index.js"} {"metadata":{"emulator":{"name":"functions"},"function":{"name":"updateRole"},"message":"[runtime-status] [31507] Resolved module firebase-admin {\"declared\":true,\"installed\":true,\"version\":\"9.10.0\",\"resolution\":\"/home/chandrakumar/Desktop/projects/guru/functions/node_modules/firebase-admin/lib/index.js\"}"}}
[debug] [2021-07-10T12:56:59.135Z] [runtime-status] [31507] Resolved module firebase-functions {"declared":true,"installed":true,"version":"3.14.1","resolution":"/home/chandrakumar/Desktop/projects/guru/functions/node_modules/firebase-functions/lib/index.js"} {"metadata":{"emulator":{"name":"functions"},"function":{"name":"updateRole"},"message":"[runtime-status] [31507] Resolved module firebase-functions {\"declared\":true,\"installed\":true,\"version\":\"3.14.1\",\"resolution\":\"/home/chandrakumar/Desktop/projects/guru/functions/node_modules/firebase-functions/lib/index.js\"}"}}
[debug] [2021-07-10T12:56:59.135Z] [runtime-status] [31507] Resolved module firebase-functions {"declared":true,"installed":true,"version":"3.14.1","resolution":"/home/chandrakumar/Desktop/projects/guru/functions/node_modules/firebase-functions/lib/index.js"} {"metadata":{"emulator":{"name":"functions"},"function":{"name":"updateRole"},"message":"[runtime-status] [31507] Resolved module firebase-functions {\"declared\":true,\"installed\":true,\"version\":\"3.14.1\",\"resolution\":\"/home/chandrakumar/Desktop/projects/guru/functions/node_modules/firebase-functions/lib/index.js\"}"}}
[debug] [2021-07-10T12:56:59.137Z] [runtime-status] [31507] Outgoing network have been stubbed. [{"name":"http","status":"mocked"},{"name":"http","status":"mocked"},{"name":"https","status":"mocked"},{"name":"https","status":"mocked"},{"name":"net","status":"mocked"}] {"metadata":{"emulator":{"name":"functions"},"function":{"name":"updateRole"},"message":"[runtime-status] [31507] Outgoing network have been stubbed. [{\"name\":\"http\",\"status\":\"mocked\"},{\"name\":\"http\",\"status\":\"mocked\"},{\"name\":\"https\",\"status\":\"mocked\"},{\"name\":\"https\",\"status\":\"mocked\"},{\"name\":\"net\",\"status\":\"mocked\"}]"}}
[debug] [2021-07-10T12:56:59.138Z] [runtime-status] [31507] Resolved module firebase-functions {"declared":true,"installed":true,"version":"3.14.1","resolution":"/home/chandrakumar/Desktop/projects/guru/functions/node_modules/firebase-functions/lib/index.js"} {"metadata":{"emulator":{"name":"functions"},"function":{"name":"updateRole"},"message":"[runtime-status] [31507] Resolved module firebase-functions {\"declared\":true,\"installed\":true,\"version\":\"3.14.1\",\"resolution\":\"/home/chandrakumar/Desktop/projects/guru/functions/node_modules/firebase-functions/lib/index.js\"}"}}
[debug] [2021-07-10T12:56:59.167Z] [runtime-status] [31507] Checked functions.config() {"config":{}} {"metadata":{"emulator":{"name":"functions"},"function":{"name":"updateRole"},"message":"[runtime-status] [31507] Checked functions.config() {\"config\":{}}"}}
[debug] [2021-07-10T12:56:59.167Z] [runtime-status] [31507] firebase-functions has been stubbed. {"functionsResolution":{"declared":true,"installed":true,"version":"3.14.1","resolution":"/home/chandrakumar/Desktop/projects/guru/functions/node_modules/firebase-functions/lib/index.js"}} {"metadata":{"emulator":{"name":"functions"},"function":{"name":"updateRole"},"message":"[runtime-status] [31507] firebase-functions has been stubbed. {\"functionsResolution\":{\"declared\":true,\"installed\":true,\"version\":\"3.14.1\",\"resolution\":\"/home/chandrakumar/Desktop/projects/guru/functions/node_modules/firebase-functions/lib/index.js\"}}"}}
[debug] [2021-07-10T12:56:59.168Z] [runtime-status] [31507] Resolved module firebase-functions {"declared":true,"installed":true,"version":"3.14.1","resolution":"/home/chandrakumar/Desktop/projects/guru/functions/node_modules/firebase-functions/lib/index.js"} {"metadata":{"emulator":{"name":"functions"},"function":{"name":"updateRole"},"message":"[runtime-status] [31507] Resolved module firebase-functions {\"declared\":true,\"installed\":true,\"version\":\"3.14.1\",\"resolution\":\"/home/chandrakumar/Desktop/projects/guru/functions/node_modules/firebase-functions/lib/index.js\"}"}}
[debug] [2021-07-10T12:56:59.168Z] [runtime-status] [31507] Resolved module firebase-admin {"declared":true,"installed":true,"version":"9.10.0","resolution":"/home/chandrakumar/Desktop/projects/guru/functions/node_modules/firebase-admin/lib/index.js"} {"metadata":{"emulator":{"name":"functions"},"function":{"name":"updateRole"},"message":"[runtime-status] [31507] Resolved module firebase-admin {\"declared\":true,\"installed\":true,\"version\":\"9.10.0\",\"resolution\":\"/home/chandrakumar/Desktop/projects/guru/functions/node_modules/firebase-admin/lib/index.js\"}"}}
[debug] [2021-07-10T12:56:59.168Z] [runtime-status] [31507] Resolved module firebase-functions {"declared":true,"installed":true,"version":"3.14.1","resolution":"/home/chandrakumar/Desktop/projects/guru/functions/node_modules/firebase-functions/lib/index.js"} {"metadata":{"emulator":{"name":"functions"},"function":{"name":"updateRole"},"message":"[runtime-status] [31507] Resolved module firebase-functions {\"declared\":true,\"installed\":true,\"version\":\"3.14.1\",\"resolution\":\"/home/chandrakumar/Desktop/projects/guru/functions/node_modules/firebase-functions/lib/index.js\"}"}}
[debug] [2021-07-10T12:56:59.169Z] [runtime-status] [31507] firebase-admin has been stubbed. {"adminResolution":{"declared":true,"installed":true,"version":"9.10.0","resolution":"/home/chandrakumar/Desktop/projects/guru/functions/node_modules/firebase-admin/lib/index.js"}} {"metadata":{"emulator":{"name":"functions"},"function":{"name":"updateRole"},"message":"[runtime-status] [31507] firebase-admin has been stubbed. {\"adminResolution\":{\"declared\":true,\"installed\":true,\"version\":\"9.10.0\",\"resolution\":\"/home/chandrakumar/Desktop/projects/guru/functions/node_modules/firebase-admin/lib/index.js\"}}"}}
[debug] [2021-07-10T12:56:59.169Z] [runtime-status] [31507] initializeApp(DEFAULT) {"credential":{"implicit":true,"refreshToken":{"clientId":"563584335869-fgrhgmd47bqnekij5i8b5pr03ho849e6.apps.googleusercontent.com","clientSecret":"j9iVZfS8kkCEFUPaAeJV0sAi","refreshToken":"1//0gkgO6S8Q0GI7CgYIARAAGBASNwF-L9Irz3R7MwcBSy-5IVPeidQz5dCSh0kc9KDrCl_Yh4l5MIaUT_FVwaHenVIZLSkw5ia0IMY","type":"authorized_user"},"httpClient":{"retry":{"maxRetries":4,"statusCodes":[503],"ioErrorCodes":["ECONNRESET","ETIMEDOUT"],"backOffFactor":0.5,"maxDelayInMillis":60000}}},"apiKey":"AIzaSyA8ppkrYQVZ0VL9u2jpnjarDk3-C9tWqVY","authDomain":"staging-prodigie.firebaseapp.com","databaseURL":"https://staging-prodigie.firebaseio.com","projectId":"staging-prodigie","storageBucket":"staging-prodigie.appspot.com","messagingSenderId":"478218619325","appId":"1:478218619325:web:b3fa068c42450849"} {"metadata":{"emulator":{"name":"functions"},"function":{"name":"updateRole"},"message":"[runtime-status] [31507] initializeApp(DEFAULT) {\"credential\":{\"implicit\":true,\"refreshToken\":{\"clientId\":\"563584335869-fgrhgmd47bqnekij5i8b5pr03ho849e6.apps.googleusercontent.com\",\"clientSecret\":\"j9iVZfS8kkCEFUPaAeJV0sAi\",\"refreshToken\":\"1//0gkgO6S8Q0GI7CgYIARAAGBASNwF-L9Irz3R7MwcBSy-5IVPeidQz5dCSh0kc9KDrCl_Yh4l5MIaUT_FVwaHenVIZLSkw5ia0IMY\",\"type\":\"authorized_user\"},\"httpClient\":{\"retry\":{\"maxRetries\":4,\"statusCodes\":[503],\"ioErrorCodes\":[\"ECONNRESET\",\"ETIMEDOUT\"],\"backOffFactor\":0.5,\"maxDelayInMillis\":60000}}},\"apiKey\":\"AIzaSyA8ppkrYQVZ0VL9u2jpnjarDk3-C9tWqVY\",\"authDomain\":\"staging-prodigie.firebaseapp.com\",\"databaseURL\":\"https://staging-prodigie.firebaseio.com\",\"projectId\":\"staging-prodigie\",\"storageBucket\":\"staging-prodigie.appspot.com\",\"messagingSenderId\":\"478218619325\",\"appId\":\"1:478218619325:web:b3fa068c42450849\"}"}}
[debug] [2021-07-10T12:56:59.171Z] [runtime-status] [31507] Trigger "updateRole" has been found, beginning invocation! {"metadata":{"emulator":{"name":"functions"},"function":{"name":"updateRole"},"message":"[runtime-status] [31507] Trigger \"updateRole\" has been found, beginning invocation!"}}
[info] i  functions: Beginning execution of "updateRole" {"metadata":{"emulator":{"name":"functions"},"function":{"name":"updateRole"},"message":"Beginning execution of \"updateRole\""}}
[debug] [2021-07-10T12:56:59.172Z] [runtime-status] [31507] triggerDefinition {"httpsTrigger":{},"labels":{"deployment-callable":"true"},"name":"updateRole","entryPoint":"updateRole"} {"metadata":{"emulator":{"name":"functions"},"function":{"name":"updateRole"},"message":"[runtime-status] [31507] triggerDefinition {\"httpsTrigger\":{},\"labels\":{\"deployment-callable\":\"true\"},\"name\":\"updateRole\",\"entryPoint\":\"updateRole\"}"}}
[debug] [2021-07-10T12:56:59.172Z] [runtime-status] [31507] Running updateRole in mode HTTPS {"metadata":{"emulator":{"name":"functions"},"function":{"name":"updateRole"},"message":"[runtime-status] [31507] Running updateRole in mode HTTPS"}}
[debug] [2021-07-10T12:56:59.175Z] [runtime-status] [31507] Attempting to listen to socketPath: /tmp/fire_emu_31507.sock {"metadata":{"emulator":{"name":"functions"},"function":{"name":"updateRole"},"message":"[runtime-status] [31507] Attempting to listen to socketPath: /tmp/fire_emu_31507.sock"}}
[debug] [2021-07-10T12:56:59.178Z] [functions] Runtime ready! Sending request! {"metadata":{"emulator":{"name":"functions"},"message":"[functions] Runtime ready! Sending request!"}}
[debug] [2021-07-10T12:56:59.178Z] [functions] Got req.url=/staging-prodigie/us-central1/updateRole, mapping to path=/ {"metadata":{"emulator":{"name":"functions"},"message":"[functions] Got req.url=/staging-prodigie/us-central1/updateRole, mapping to path=/"}}
[debug] [2021-07-10T12:56:59.186Z] [runtime-status] [31507] Ephemeral server handling OPTIONS request {"metadata":{"emulator":{"name":"functions"},"function":{"name":"updateRole"},"message":"[runtime-status] [31507] Ephemeral server handling OPTIONS request"}}
[debug] [2021-07-10T12:56:59.191Z] [runtime-status] [31507] Ephemeral server survived. {"metadata":{"emulator":{"name":"functions"},"function":{"name":"updateRole"},"message":"[runtime-status] [31507] Ephemeral server survived."}}
[debug] [2021-07-10T12:56:59.192Z] [work-queue] {"queueLength":1,"workRunningCount":1}
[debug] [2021-07-10T12:56:59.192Z] [work-queue] {"queueLength":0,"workRunningCount":2}
[debug] [2021-07-10T12:56:59.193Z] Accepted request POST /staging-prodigie/us-central1/updateRole --> updateRole
[debug] [2021-07-10T12:56:59.193Z] ID Token: eyJhbGciOiJub25lIiwidHlwIjoiSldUIn0.eyJuYW1lIjoiUmFjY29vbiBPdHRlciIsImVtYWlsIjoicmFjY29vbi5vdHRlci4zMzZAZXhhbXBsZS5jb20iLCJlbWFpbF92ZXJpZmllZCI6dHJ1ZSwiYXV0aF90aW1lIjoxNjI1OTIxODA0LCJ1c2VyX2lkIjoiaThCYXdSUjBkZmpnZXpjZ0lYWWNiMVlMbTdmSyIsImZpcmViYXNlIjp7ImlkZW50aXRpZXMiOnsiZW1haWwiOlsicmFjY29vbi5vdHRlci4zMzZAZXhhbXBsZS5jb20iXSwiZ29vZ2xlLmNvbSI6WyI0MjU4MDMzMTg4NzA2MzA3NjAzNzEzMDk4NzkwNjEyMTQ2OTg2NTc0Il19LCJzaWduX2luX3Byb3ZpZGVyIjoiZ29vZ2xlLmNvbSJ9LCJpYXQiOjE2MjU5MjE4MDQsImV4cCI6MTYyNTkyNTQwNCwiYXVkIjoic3RhZ2luZy1wcm9kaWdpZSIsImlzcyI6Imh0dHBzOi8vc2VjdXJldG9rZW4uZ29vZ2xlLmNvbS9zdGFnaW5nLXByb2RpZ2llIiwic3ViIjoiaThCYXdSUjBkZmpnZXpjZ0lYWWNiMVlMbTdmSyJ9.
[debug] [2021-07-10T12:56:59.201Z] [worker-pool] addWorker(updateRole) {"metadata":{"emulator":{"name":"functions"},"message":"[worker-pool] addWorker(updateRole)"}}
[debug] [2021-07-10T12:56:59.202Z] [worker-pool] Adding worker with key updateRole, total=2 {"metadata":{"emulator":{"name":"functions"},"message":"[worker-pool] Adding worker with key updateRole, total=2"}}
[debug] [2021-07-10T12:56:59.202Z] [worker-pool] submitWork(triggerId=updateRole) {"metadata":{"emulator":{"name":"functions"},"message":"[worker-pool] submitWork(triggerId=updateRole)"}}
[debug] [2021-07-10T12:56:59.202Z] [worker-updateRole-296836e4-ea46-4bb0-9056-e1e84655c2fd]: Assigning socketPath: /tmp/fire_emu_31514.sock {"metadata":{"emulator":{"name":"functions"},"message":"[worker-updateRole-296836e4-ea46-4bb0-9056-e1e84655c2fd]: Assigning socketPath: /tmp/fire_emu_31514.sock"}}
[debug] [2021-07-10T12:56:59.202Z] [worker-updateRole-296836e4-ea46-4bb0-9056-e1e84655c2fd]: BUSY {"metadata":{"emulator":{"name":"functions"},"message":"[worker-updateRole-296836e4-ea46-4bb0-9056-e1e84655c2fd]: BUSY"}}
[info] i  functions: Finished "updateRole" in ~1s {"metadata":{"emulator":{"name":"functions"},"function":{"name":"updateRole"},"message":"Finished \"updateRole\" in ~1s"}}
[debug] [2021-07-10T12:56:59.204Z] [worker-updateRole-6ac17f0a-b661-46a5-a9ee-0b4b5570efc7]: IDLE {"metadata":{"emulator":{"name":"functions"},"message":"[worker-updateRole-6ac17f0a-b661-46a5-a9ee-0b4b5570efc7]: IDLE"}}
[debug] [2021-07-10T12:56:59.205Z] [work-queue] {"queueLength":0,"workRunningCount":1}
[debug] [2021-07-10T12:56:59.329Z] [runtime-status] [31514] Functions runtime initialized. {"cwd":"/home/chandrakumar/Desktop/projects/guru/functions","node_version":"12.13.1"} {"metadata":{"emulator":{"name":"functions"},"function":{"name":"updateRole"},"message":"[runtime-status] [31514] Functions runtime initialized. {\"cwd\":\"/home/chandrakumar/Desktop/projects/guru/functions\",\"node_version\":\"12.13.1\"}"}}
[debug] [2021-07-10T12:56:59.331Z] [runtime-status] [31514] Disabled runtime features: undefined {"metadata":{"emulator":{"name":"functions"},"function":{"name":"updateRole"},"message":"[runtime-status] [31514] Disabled runtime features: undefined"}}
[debug] [2021-07-10T12:56:59.332Z] [runtime-status] [31514] Resolved module firebase-admin {"declared":true,"installed":true,"version":"9.10.0","resolution":"/home/chandrakumar/Desktop/projects/guru/functions/node_modules/firebase-admin/lib/index.js"} {"metadata":{"emulator":{"name":"functions"},"function":{"name":"updateRole"},"message":"[runtime-status] [31514] Resolved module firebase-admin {\"declared\":true,\"installed\":true,\"version\":\"9.10.0\",\"resolution\":\"/home/chandrakumar/Desktop/projects/guru/functions/node_modules/firebase-admin/lib/index.js\"}"}}
[debug] [2021-07-10T12:56:59.333Z] [runtime-status] [31514] Resolved module firebase-functions {"declared":true,"installed":true,"version":"3.14.1","resolution":"/home/chandrakumar/Desktop/projects/guru/functions/node_modules/firebase-functions/lib/index.js"} {"metadata":{"emulator":{"name":"functions"},"function":{"name":"updateRole"},"message":"[runtime-status] [31514] Resolved module firebase-functions {\"declared\":true,\"installed\":true,\"version\":\"3.14.1\",\"resolution\":\"/home/chandrakumar/Desktop/projects/guru/functions/node_modules/firebase-functions/lib/index.js\"}"}}
[debug] [2021-07-10T12:56:59.334Z] [runtime-status] [31514] Resolved module firebase-functions {"declared":true,"installed":true,"version":"3.14.1","resolution":"/home/chandrakumar/Desktop/projects/guru/functions/node_modules/firebase-functions/lib/index.js"} {"metadata":{"emulator":{"name":"functions"},"function":{"name":"updateRole"},"message":"[runtime-status] [31514] Resolved module firebase-functions {\"declared\":true,\"installed\":true,\"version\":\"3.14.1\",\"resolution\":\"/home/chandrakumar/Desktop/projects/guru/functions/node_modules/firebase-functions/lib/index.js\"}"}}
[debug] [2021-07-10T12:56:59.335Z] [runtime-status] [31514] Outgoing network have been stubbed. [{"name":"http","status":"mocked"},{"name":"http","status":"mocked"},{"name":"https","status":"mocked"},{"name":"https","status":"mocked"},{"name":"net","status":"mocked"}] {"metadata":{"emulator":{"name":"functions"},"function":{"name":"updateRole"},"message":"[runtime-status] [31514] Outgoing network have been stubbed. [{\"name\":\"http\",\"status\":\"mocked\"},{\"name\":\"http\",\"status\":\"mocked\"},{\"name\":\"https\",\"status\":\"mocked\"},{\"name\":\"https\",\"status\":\"mocked\"},{\"name\":\"net\",\"status\":\"mocked\"}]"}}
[debug] [2021-07-10T12:56:59.336Z] [runtime-status] [31514] Resolved module firebase-functions {"declared":true,"installed":true,"version":"3.14.1","resolution":"/home/chandrakumar/Desktop/projects/guru/functions/node_modules/firebase-functions/lib/index.js"} {"metadata":{"emulator":{"name":"functions"},"function":{"name":"updateRole"},"message":"[runtime-status] [31514] Resolved module firebase-functions {\"declared\":true,\"installed\":true,\"version\":\"3.14.1\",\"resolution\":\"/home/chandrakumar/Desktop/projects/guru/functions/node_modules/firebase-functions/lib/index.js\"}"}}
[debug] [2021-07-10T12:56:59.364Z] [runtime-status] [31514] Checked functions.config() {"config":{}} {"metadata":{"emulator":{"name":"functions"},"function":{"name":"updateRole"},"message":"[runtime-status] [31514] Checked functions.config() {\"config\":{}}"}}
[debug] [2021-07-10T12:56:59.364Z] [runtime-status] [31514] firebase-functions has been stubbed. {"functionsResolution":{"declared":true,"installed":true,"version":"3.14.1","resolution":"/home/chandrakumar/Desktop/projects/guru/functions/node_modules/firebase-functions/lib/index.js"}} {"metadata":{"emulator":{"name":"functions"},"function":{"name":"updateRole"},"message":"[runtime-status] [31514] firebase-functions has been stubbed. {\"functionsResolution\":{\"declared\":true,\"installed\":true,\"version\":\"3.14.1\",\"resolution\":\"/home/chandrakumar/Desktop/projects/guru/functions/node_modules/firebase-functions/lib/index.js\"}}"}}
[debug] [2021-07-10T12:56:59.364Z] [runtime-status] [31514] Resolved module firebase-functions {"declared":true,"installed":true,"version":"3.14.1","resolution":"/home/chandrakumar/Desktop/projects/guru/functions/node_modules/firebase-functions/lib/index.js"} {"metadata":{"emulator":{"name":"functions"},"function":{"name":"updateRole"},"message":"[runtime-status] [31514] Resolved module firebase-functions {\"declared\":true,\"installed\":true,\"version\":\"3.14.1\",\"resolution\":\"/home/chandrakumar/Desktop/projects/guru/functions/node_modules/firebase-functions/lib/index.js\"}"}}
[debug] [2021-07-10T12:56:59.365Z] [runtime-status] [31514] Resolved module firebase-admin {"declared":true,"installed":true,"version":"9.10.0","resolution":"/home/chandrakumar/Desktop/projects/guru/functions/node_modules/firebase-admin/lib/index.js"} {"metadata":{"emulator":{"name":"functions"},"function":{"name":"updateRole"},"message":"[runtime-status] [31514] Resolved module firebase-admin {\"declared\":true,\"installed\":true,\"version\":\"9.10.0\",\"resolution\":\"/home/chandrakumar/Desktop/projects/guru/functions/node_modules/firebase-admin/lib/index.js\"}"}}
[debug] [2021-07-10T12:56:59.366Z] [runtime-status] [31514] Resolved module firebase-functions {"declared":true,"installed":true,"version":"3.14.1","resolution":"/home/chandrakumar/Desktop/projects/guru/functions/node_modules/firebase-functions/lib/index.js"} {"metadata":{"emulator":{"name":"functions"},"function":{"name":"updateRole"},"message":"[runtime-status] [31514] Resolved module firebase-functions {\"declared\":true,\"installed\":true,\"version\":\"3.14.1\",\"resolution\":\"/home/chandrakumar/Desktop/projects/guru/functions/node_modules/firebase-functions/lib/index.js\"}"}}
[debug] [2021-07-10T12:56:59.366Z] [runtime-status] [31514] firebase-admin has been stubbed. {"adminResolution":{"declared":true,"installed":true,"version":"9.10.0","resolution":"/home/chandrakumar/Desktop/projects/guru/functions/node_modules/firebase-admin/lib/index.js"}} {"metadata":{"emulator":{"name":"functions"},"function":{"name":"updateRole"},"message":"[runtime-status] [31514] firebase-admin has been stubbed. {\"adminResolution\":{\"declared\":true,\"installed\":true,\"version\":\"9.10.0\",\"resolution\":\"/home/chandrakumar/Desktop/projects/guru/functions/node_modules/firebase-admin/lib/index.js\"}}"}}
[debug] [2021-07-10T12:56:59.367Z] [runtime-status] [31514] initializeApp(DEFAULT) {"credential":{"implicit":true,"refreshToken":{"clientId":"563584335869-fgrhgmd47bqnekij5i8b5pr03ho849e6.apps.googleusercontent.com","clientSecret":"j9iVZfS8kkCEFUPaAeJV0sAi","refreshToken":"1//0gkgO6S8Q0GI7CgYIARAAGBASNwF-L9Irz3R7MwcBSy-5IVPeidQz5dCSh0kc9KDrCl_Yh4l5MIaUT_FVwaHenVIZLSkw5ia0IMY","type":"authorized_user"},"httpClient":{"retry":{"maxRetries":4,"statusCodes":[503],"ioErrorCodes":["ECONNRESET","ETIMEDOUT"],"backOffFactor":0.5,"maxDelayInMillis":60000}}},"apiKey":"AIzaSyA8ppkrYQVZ0VL9u2jpnjarDk3-C9tWqVY","authDomain":"staging-prodigie.firebaseapp.com","databaseURL":"https://staging-prodigie.firebaseio.com","projectId":"staging-prodigie","storageBucket":"staging-prodigie.appspot.com","messagingSenderId":"478218619325","appId":"1:478218619325:web:b3fa068c42450849"} {"metadata":{"emulator":{"name":"functions"},"function":{"name":"updateRole"},"message":"[runtime-status] [31514] initializeApp(DEFAULT) {\"credential\":{\"implicit\":true,\"refreshToken\":{\"clientId\":\"563584335869-fgrhgmd47bqnekij5i8b5pr03ho849e6.apps.googleusercontent.com\",\"clientSecret\":\"j9iVZfS8kkCEFUPaAeJV0sAi\",\"refreshToken\":\"1//0gkgO6S8Q0GI7CgYIARAAGBASNwF-L9Irz3R7MwcBSy-5IVPeidQz5dCSh0kc9KDrCl_Yh4l5MIaUT_FVwaHenVIZLSkw5ia0IMY\",\"type\":\"authorized_user\"},\"httpClient\":{\"retry\":{\"maxRetries\":4,\"statusCodes\":[503],\"ioErrorCodes\":[\"ECONNRESET\",\"ETIMEDOUT\"],\"backOffFactor\":0.5,\"maxDelayInMillis\":60000}}},\"apiKey\":\"AIzaSyA8ppkrYQVZ0VL9u2jpnjarDk3-C9tWqVY\",\"authDomain\":\"staging-prodigie.firebaseapp.com\",\"databaseURL\":\"https://staging-prodigie.firebaseio.com\",\"projectId\":\"staging-prodigie\",\"storageBucket\":\"staging-prodigie.appspot.com\",\"messagingSenderId\":\"478218619325\",\"appId\":\"1:478218619325:web:b3fa068c42450849\"}"}}
[debug] [2021-07-10T12:56:59.368Z] [runtime-status] [31514] Trigger "updateRole" has been found, beginning invocation! {"metadata":{"emulator":{"name":"functions"},"function":{"name":"updateRole"},"message":"[runtime-status] [31514] Trigger \"updateRole\" has been found, beginning invocation!"}}
[info] i  functions: Beginning execution of "updateRole" {"metadata":{"emulator":{"name":"functions"},"function":{"name":"updateRole"},"message":"Beginning execution of \"updateRole\""}}
[debug] [2021-07-10T12:56:59.370Z] [runtime-status] [31514] triggerDefinition {"httpsTrigger":{},"labels":{"deployment-callable":"true"},"name":"updateRole","entryPoint":"updateRole"} {"metadata":{"emulator":{"name":"functions"},"function":{"name":"updateRole"},"message":"[runtime-status] [31514] triggerDefinition {\"httpsTrigger\":{},\"labels\":{\"deployment-callable\":\"true\"},\"name\":\"updateRole\",\"entryPoint\":\"updateRole\"}"}}
[debug] [2021-07-10T12:56:59.370Z] [runtime-status] [31514] Running updateRole in mode HTTPS {"metadata":{"emulator":{"name":"functions"},"function":{"name":"updateRole"},"message":"[runtime-status] [31514] Running updateRole in mode HTTPS"}}
[debug] [2021-07-10T12:56:59.372Z] [runtime-status] [31514] Attempting to listen to socketPath: /tmp/fire_emu_31514.sock {"metadata":{"emulator":{"name":"functions"},"function":{"name":"updateRole"},"message":"[runtime-status] [31514] Attempting to listen to socketPath: /tmp/fire_emu_31514.sock"}}
[debug] [2021-07-10T12:56:59.375Z] [functions] Runtime ready! Sending request! {"metadata":{"emulator":{"name":"functions"},"message":"[functions] Runtime ready! Sending request!"}}
[debug] [2021-07-10T12:56:59.375Z] [functions] Got req.url=/staging-prodigie/us-central1/updateRole, mapping to path=/ {"metadata":{"emulator":{"name":"functions"},"message":"[functions] Got req.url=/staging-prodigie/us-central1/updateRole, mapping to path=/"}}
[debug] [2021-07-10T12:56:59.389Z] [runtime-status] [31514] Ephemeral server handling POST request {"metadata":{"emulator":{"name":"functions"},"function":{"name":"updateRole"},"message":"[runtime-status] [31514] Ephemeral server handling POST request"}}
[info] >  {"verifications":{"app":"MISSING","auth":"MISSING"},"logging.googleapis.com/labels":{"firebase-log-type":"callable-request-verification"},"severity":"INFO","message":"Callable request verification passed"} {"user":{"verifications":{"app":"MISSING","auth":"MISSING"},"logging.googleapis.com/labels":{"firebase-log-type":"callable-request-verification"},"severity":"INFO","message":"Callable request verification passed"},"metadata":{"emulator":{"name":"functions"},"function":{"name":"updateRole"},"message":"\u001b[90m> \u001b[39m {\"verifications\":{\"app\":\"MISSING\",\"auth\":\"MISSING\"},\"logging.googleapis.com/labels\":{\"firebase-log-type\":\"callable-request-verification\"},\"severity\":\"INFO\",\"message\":\"Callable request verification passed\"}"}}
[debug] [2021-07-10T12:56:59.395Z] [runtime-status] [31514] Callable functions auth override {"key":"x-callable-context-auth","value":"%7B%22uid%22%3A%22i8BawRR0dfjgezcgIXYcb1YLm7fK%22%2C%22token%22%3A%7B%22name%22%3A%22Raccoon%20Otter%22%2C%22email%22%3A%22raccoon.otter.336%40example.com%22%2C%22email_verified%22%3Atrue%2C%22auth_time%22%3A1625921804%2C%22user_id%22%3A%22i8BawRR0dfjgezcgIXYcb1YLm7fK%22%2C%22firebase%22%3A%7B%22identities%22%3A%7B%22email%22%3A%5B%22raccoon.otter.336%40example.com%22%5D%2C%22google.com%22%3A%5B%224258033188706307603713098790612146986574%22%5D%7D%2C%22sign_in_provider%22%3A%22google.com%22%7D%2C%22iat%22%3A1625921804%2C%22exp%22%3A1625925404%2C%22aud%22%3A%22staging-prodigie%22%2C%22iss%22%3A%22https%3A%2F%2Fsecuretoken.google.com%2Fstaging-prodigie%22%2C%22sub%22%3A%22i8BawRR0dfjgezcgIXYcb1YLm7fK%22%2C%22uid%22%3A%22i8BawRR0dfjgezcgIXYcb1YLm7fK%22%7D%7D"} {"metadata":{"emulator":{"name":"functions"},"function":{"name":"updateRole"},"message":"[runtime-status] [31514] Callable functions auth override {\"key\":\"x-callable-context-auth\",\"value\":\"%7B%22uid%22%3A%22i8BawRR0dfjgezcgIXYcb1YLm7fK%22%2C%22token%22%3A%7B%22name%22%3A%22Raccoon%20Otter%22%2C%22email%22%3A%22raccoon.otter.336%40example.com%22%2C%22email_verified%22%3Atrue%2C%22auth_time%22%3A1625921804%2C%22user_id%22%3A%22i8BawRR0dfjgezcgIXYcb1YLm7fK%22%2C%22firebase%22%3A%7B%22identities%22%3A%7B%22email%22%3A%5B%22raccoon.otter.336%40example.com%22%5D%2C%22google.com%22%3A%5B%224258033188706307603713098790612146986574%22%5D%7D%2C%22sign_in_provider%22%3A%22google.com%22%7D%2C%22iat%22%3A1625921804%2C%22exp%22%3A1625925404%2C%22aud%22%3A%22staging-prodigie%22%2C%22iss%22%3A%22https%3A%2F%2Fsecuretoken.google.com%2Fstaging-prodigie%22%2C%22sub%22%3A%22i8BawRR0dfjgezcgIXYcb1YLm7fK%22%2C%22uid%22%3A%22i8BawRR0dfjgezcgIXYcb1YLm7fK%22%7D%7D\"}"}}
[info] >  auth user { {"user":"auth user {","metadata":{"emulator":{"name":"functions"},"function":{"name":"updateRole"},"message":"\u001b[90m> \u001b[39m auth user {"}}
[info] >    uid: 'i8BawRR0dfjgezcgIXYcb1YLm7fK', {"user":"  uid: 'i8BawRR0dfjgezcgIXYcb1YLm7fK',","metadata":{"emulator":{"name":"functions"},"function":{"name":"updateRole"},"message":"\u001b[90m> \u001b[39m   uid: 'i8BawRR0dfjgezcgIXYcb1YLm7fK',"}}
[info] >    token: { {"user":"  token: {","metadata":{"emulator":{"name":"functions"},"function":{"name":"updateRole"},"message":"\u001b[90m> \u001b[39m   token: {"}}
[info] >      name: 'Raccoon Otter', {"user":"    name: 'Raccoon Otter',","metadata":{"emulator":{"name":"functions"},"function":{"name":"updateRole"},"message":"\u001b[90m> \u001b[39m     name: 'Raccoon Otter',"}}
[info] >      email: 'raccoon.otter.336@example.com', {"user":"    email: 'raccoon.otter.336@example.com',","metadata":{"emulator":{"name":"functions"},"function":{"name":"updateRole"},"message":"\u001b[90m> \u001b[39m     email: 'raccoon.otter.336@example.com',"}}
[info] >      email_verified: true, {"user":"    email_verified: true,","metadata":{"emulator":{"name":"functions"},"function":{"name":"updateRole"},"message":"\u001b[90m> \u001b[39m     email_verified: true,"}}
[info] >      auth_time: 1625921804, {"user":"    auth_time: 1625921804,","metadata":{"emulator":{"name":"functions"},"function":{"name":"updateRole"},"message":"\u001b[90m> \u001b[39m     auth_time: 1625921804,"}}
[info] >      user_id: 'i8BawRR0dfjgezcgIXYcb1YLm7fK', {"user":"    user_id: 'i8BawRR0dfjgezcgIXYcb1YLm7fK',","metadata":{"emulator":{"name":"functions"},"function":{"name":"updateRole"},"message":"\u001b[90m> \u001b[39m     user_id: 'i8BawRR0dfjgezcgIXYcb1YLm7fK',"}}
[info] >      firebase: { identities: [Object], sign_in_provider: 'google.com' }, {"user":"    firebase: { identities: [Object], sign_in_provider: 'google.com' },","metadata":{"emulator":{"name":"functions"},"function":{"name":"updateRole"},"message":"\u001b[90m> \u001b[39m     firebase: { identities: [Object], sign_in_provider: 'google.com' },"}}
[info] >      iat: 1625921804, {"user":"    iat: 1625921804,","metadata":{"emulator":{"name":"functions"},"function":{"name":"updateRole"},"message":"\u001b[90m> \u001b[39m     iat: 1625921804,"}}
[info] >      exp: 1625925404, {"user":"    exp: 1625925404,","metadata":{"emulator":{"name":"functions"},"function":{"name":"updateRole"},"message":"\u001b[90m> \u001b[39m     exp: 1625925404,"}}
[info] >      aud: 'staging-prodigie', {"user":"    aud: 'staging-prodigie',","metadata":{"emulator":{"name":"functions"},"function":{"name":"updateRole"},"message":"\u001b[90m> \u001b[39m     aud: 'staging-prodigie',"}}
[info] >      iss: 'https://securetoken.google.com/staging-prodigie', {"user":"    iss: 'https://securetoken.google.com/staging-prodigie',","metadata":{"emulator":{"name":"functions"},"function":{"name":"updateRole"},"message":"\u001b[90m> \u001b[39m     iss: 'https://securetoken.google.com/staging-prodigie',"}}
[info] >      sub: 'i8BawRR0dfjgezcgIXYcb1YLm7fK', {"user":"    sub: 'i8BawRR0dfjgezcgIXYcb1YLm7fK',","metadata":{"emulator":{"name":"functions"},"function":{"name":"updateRole"},"message":"\u001b[90m> \u001b[39m     sub: 'i8BawRR0dfjgezcgIXYcb1YLm7fK',"}}
[info] >      uid: 'i8BawRR0dfjgezcgIXYcb1YLm7fK' {"user":"    uid: 'i8BawRR0dfjgezcgIXYcb1YLm7fK'","metadata":{"emulator":{"name":"functions"},"function":{"name":"updateRole"},"message":"\u001b[90m> \u001b[39m     uid: 'i8BawRR0dfjgezcgIXYcb1YLm7fK'"}}
[info] >    } {"user":"  }","metadata":{"emulator":{"name":"functions"},"function":{"name":"updateRole"},"message":"\u001b[90m> \u001b[39m   }"}}
[info] >  } {"user":"}","metadata":{"emulator":{"name":"functions"},"function":{"name":"updateRole"},"message":"\u001b[90m> \u001b[39m }"}}
[debug] [2021-07-10T12:57:00.115Z] [runtime-status] [31514] Ephemeral server survived. {"metadata":{"emulator":{"name":"functions"},"function":{"name":"updateRole"},"message":"[runtime-status] [31514] Ephemeral server survived."}}
[info] i  functions: Finished "updateRole" in ~1s {"metadata":{"emulator":{"name":"functions"},"function":{"name":"updateRole"},"message":"Finished \"updateRole\" in ~1s"}}
[debug] [2021-07-10T12:57:00.138Z] [worker-updateRole-296836e4-ea46-4bb0-9056-e1e84655c2fd]: IDLE {"metadata":{"emulator":{"name":"functions"},"message":"[worker-updateRole-296836e4-ea46-4bb0-9056-e1e84655c2fd]: IDLE"}}
[debug] [2021-07-10T12:57:00.138Z] [work-queue] {"queueLength":0,"workRunningCount":0}
